# JRE version: OpenJDK Runtime Environment (8.0_152-b01) (build 1.8.0_152-release-1343-b01)
# Java VM: OpenJDK 64-Bit Server VM (25.152-b01 mixed mode windows-amd64 compressed oops)
Heap:
 PSYoungGen      total 286208K, used 269973K [0x00000000e0000000, 0x00000000f3280000, 0x0000000100000000)
  eden space 259584K, 99% used [0x00000000e0000000,0x00000000efb47550,0x00000000efd80000)
  from space 26624K, 47% used [0x00000000efd80000,0x00000000f09de258,0x00000000f1780000)
  to   space 25600K, 0% used [0x00000000f1980000,0x00000000f1980000,0x00000000f3280000)
 ParOldGen       total 392704K, used 50218K [0x00000000a0000000, 0x00000000b7f80000, 0x00000000e0000000)
  object space 392704K, 12% used [0x00000000a0000000,0x00000000a310a9e0,0x00000000b7f80000)
 Metaspace       used 107972K, capacity 115122K, committed 115328K, reserved 1150976K
  class space    used 13424K, capacity 14615K, committed 14720K, reserved 1048576K
GC Heap History (10 events):
Event: 2014.449 GC heap before
{Heap before GC invocations=29 (full 4):
 PSYoungGen      total 273408K, used 262966K [0x00000000e0000000, 0x00000000f2b80000, 0x0000000100000000)
  eden space 249344K, 100% used [0x00000000e0000000,0x00000000ef380000,0x00000000ef380000)
  from space 24064K, 56% used [0x00000000f1400000,0x00000000f214d800,0x00000000f2b80000)
  to   space 28672K, 0% used [0x00000000ef380000,0x00000000ef380000,0x00000000f0f80000)
 ParOldGen       total 392704K, used 50186K [0x00000000a0000000, 0x00000000b7f80000, 0x00000000e0000000)
  object space 392704K, 12% used [0x00000000a0000000,0x00000000a31029e0,0x00000000b7f80000)
 Metaspace       used 100810K, capacity 105952K, committed 106240K, reserved 1142784K
  class space    used 12575K, capacity 13500K, committed 13568K, reserved 1048576K
Event: 2014.472 GC heap after
Heap after GC invocations=29 (full 4):
 PSYoungGen      total 278016K, used 15093K [0x00000000e0000000, 0x00000000f3100000, 0x0000000100000000)
  eden space 249344K, 0% used [0x00000000e0000000,0x00000000e0000000,0x00000000ef380000)
  from space 28672K, 52% used [0x00000000ef380000,0x00000000f023d450,0x00000000f0f80000)
  to   space 27648K, 0% used [0x00000000f1600000,0x00000000f1600000,0x00000000f3100000)
 ParOldGen       total 392704K, used 50194K [0x00000000a0000000, 0x00000000b7f80000, 0x00000000e0000000)
  object space 392704K, 12% used [0x00000000a0000000,0x00000000a31049e0,0x00000000b7f80000)
 Metaspace       used 100810K, capacity 105952K, committed 106240K, reserved 1142784K
  class space    used 12575K, capacity 13500K, committed 13568K, reserved 1048576K
}
Event: 2461.250 GC heap before
{Heap before GC invocations=30 (full 4):
 PSYoungGen      total 278016K, used 264437K [0x00000000e0000000, 0x00000000f3100000, 0x0000000100000000)
  eden space 249344K, 100% used [0x00000000e0000000,0x00000000ef380000,0x00000000ef380000)
  from space 28672K, 52% used [0x00000000ef380000,0x00000000f023d450,0x00000000f0f80000)
  to   space 27648K, 0% used [0x00000000f1600000,0x00000000f1600000,0x00000000f3100000)
 ParOldGen       total 392704K, used 50194K [0x00000000a0000000, 0x00000000b7f80000, 0x00000000e0000000)
  object space 392704K, 12% used [0x00000000a0000000,0x00000000a31049e0,0x00000000b7f80000)
 Metaspace       used 101919K, capacity 108306K, committed 108416K, reserved 1144832K
  class space    used 12772K, capacity 13859K, committed 13952K, reserved 1048576K
Event: 2461.287 GC heap after
Heap after GC invocations=30 (full 4):
 PSYoungGen      total 281600K, used 17009K [0x00000000e0000000, 0x00000000f2f80000, 0x0000000100000000)
  eden space 255488K, 0% used [0x00000000e0000000,0x00000000e0000000,0x00000000ef980000)
  from space 26112K, 65% used [0x00000000f1600000,0x00000000f269c7b8,0x00000000f2f80000)
  to   space 27648K, 0% used [0x00000000ef980000,0x00000000ef980000,0x00000000f1480000)
 ParOldGen       total 392704K, used 50194K [0x00000000a0000000, 0x00000000b7f80000, 0x00000000e0000000)
  object space 392704K, 12% used [0x00000000a0000000,0x00000000a31049e0,0x00000000b7f80000)
 Metaspace       used 101919K, capacity 108306K, committed 108416K, reserved 1144832K
  class space    used 12772K, capacity 13859K, committed 13952K, reserved 1048576K
}
Event: 3050.018 GC heap before
{Heap before GC invocations=31 (full 4):
 PSYoungGen      total 281600K, used 272497K [0x00000000e0000000, 0x00000000f2f80000, 0x0000000100000000)
  eden space 255488K, 100% used [0x00000000e0000000,0x00000000ef980000,0x00000000ef980000)
  from space 26112K, 65% used [0x00000000f1600000,0x00000000f269c7b8,0x00000000f2f80000)
  to   space 27648K, 0% used [0x00000000ef980000,0x00000000ef980000,0x00000000f1480000)
 ParOldGen       total 392704K, used 50194K [0x00000000a0000000, 0x00000000b7f80000, 0x00000000e0000000)
  object space 392704K, 12% used [0x00000000a0000000,0x00000000a31049e0,0x00000000b7f80000)
 Metaspace       used 102426K, capacity 109098K, committed 109312K, reserved 1144832K
  class space    used 12831K, capacity 13967K, committed 14080K, reserved 1048576K
Event: 3050.040 GC heap after
Heap after GC invocations=31 (full 4):
 PSYoungGen      total 283136K, used 16111K [0x00000000e0000000, 0x00000000f3280000, 0x0000000100000000)
  eden space 255488K, 0% used [0x00000000e0000000,0x00000000e0000000,0x00000000ef980000)
  from space 27648K, 58% used [0x00000000ef980000,0x00000000f093bd68,0x00000000f1480000)
  to   space 26624K, 0% used [0x00000000f1880000,0x00000000f1880000,0x00000000f3280000)
 ParOldGen       total 392704K, used 50202K [0x00000000a0000000, 0x00000000b7f80000, 0x00000000e0000000)
  object space 392704K, 12% used [0x00000000a0000000,0x00000000a31069e0,0x00000000b7f80000)
 Metaspace       used 102426K, capacity 109098K, committed 109312K, reserved 1144832K
  class space    used 12831K, capacity 13967K, committed 14080K, reserved 1048576K
}
Event: 3283.850 GC heap before
{Heap before GC invocations=32 (full 4):
 PSYoungGen      total 283136K, used 271599K [0x00000000e0000000, 0x00000000f3280000, 0x0000000100000000)
  eden space 255488K, 100% used [0x00000000e0000000,0x00000000ef980000,0x00000000ef980000)
  from space 27648K, 58% used [0x00000000ef980000,0x00000000f093bd68,0x00000000f1480000)
  to   space 26624K, 0% used [0x00000000f1880000,0x00000000f1880000,0x00000000f3280000)
 ParOldGen       total 392704K, used 50202K [0x00000000a0000000, 0x00000000b7f80000, 0x00000000e0000000)
  object space 392704K, 12% used [0x00000000a0000000,0x00000000a31069e0,0x00000000b7f80000)
 Metaspace       used 102605K, capacity 109246K, committed 109568K, reserved 1144832K
  class space    used 12840K, capacity 13981K, committed 14080K, reserved 1048576K
Event: 3283.862 GC heap after
Heap after GC invocations=32 (full 4):
 PSYoungGen      total 285184K, used 7216K [0x00000000e0000000, 0x00000000f3180000, 0x0000000100000000)
  eden space 259584K, 0% used [0x00000000e0000000,0x00000000e0000000,0x00000000efd80000)
  from space 25600K, 28% used [0x00000000f1880000,0x00000000f1f8c120,0x00000000f3180000)
  to   space 26624K, 0% used [0x00000000efd80000,0x00000000efd80000,0x00000000f1780000)
 ParOldGen       total 392704K, used 50210K [0x00000000a0000000, 0x00000000b7f80000, 0x00000000e0000000)
  object space 392704K, 12% used [0x00000000a0000000,0x00000000a31089e0,0x00000000b7f80000)
 Metaspace       used 102605K, capacity 109246K, committed 109568K, reserved 1144832K
  class space    used 12840K, capacity 13981K, committed 14080K, reserved 1048576K
}
Event: 3896.009 GC heap before
{Heap before GC invocations=33 (full 4):
 PSYoungGen      total 285184K, used 266800K [0x00000000e0000000, 0x00000000f3180000, 0x0000000100000000)
  eden space 259584K, 100% used [0x00000000e0000000,0x00000000efd80000,0x00000000efd80000)
  from space 25600K, 28% used [0x00000000f1880000,0x00000000f1f8c120,0x00000000f3180000)
  to   space 26624K, 0% used [0x00000000efd80000,0x00000000efd80000,0x00000000f1780000)
 ParOldGen       total 392704K, used 50210K [0x00000000a0000000, 0x00000000b7f80000, 0x00000000e0000000)
  object space 392704K, 12% used [0x00000000a0000000,0x00000000a31089e0,0x00000000b7f80000)
 Metaspace       used 103547K, capacity 110532K, committed 110592K, reserved 1146880K
  class space    used 12915K, capacity 14062K, committed 14080K, reserved 1048576K
Event: 3896.033 GC heap after
Heap after GC invocations=33 (full 4):
 PSYoungGen      total 286208K, used 12664K [0x00000000e0000000, 0x00000000f3280000, 0x0000000100000000)
  eden space 259584K, 0% used [0x00000000e0000000,0x00000000e0000000,0x00000000efd80000)
  from space 26624K, 47% used [0x00000000efd80000,0x00000000f09de258,0x00000000f1780000)
  to   space 25600K, 0% used [0x00000000f1980000,0x00000000f1980000,0x00000000f3280000)
 ParOldGen       total 392704K, used 50218K [0x00000000a0000000, 0x00000000b7f80000, 0x00000000e0000000)
  object space 392704K, 12% used [0x00000000a0000000,0x00000000a310a9e0,0x00000000b7f80000)
 Metaspace       used 103547K, capacity 110532K, committed 110592K, reserved 1146880K
  class space    used 12915K, capacity 14062K, committed 14080K, reserved 1048576K
}

